
/home/runner/work/exp-estimation-of-test-coverage-metrics-structural-complexity-iitkgp/exp-estimation-of-test-coverage-metrics-structural-complexity-iitkgp/experiment/simulation/js/exercise1.js
   8:10  warning  'addbtnt1' is defined but never used   no-unused-vars
  14:10  warning  'calex1' is defined but never used     no-unused-vars
  63:10  warning  'drawbtex1' is defined but never used  no-unused-vars

/home/runner/work/exp-estimation-of-test-coverage-metrics-structural-complexity-iitkgp/exp-estimation-of-test-coverage-metrics-structural-complexity-iitkgp/experiment/simulation/js/exercise2.js
    9:10  warning  'addbtnt21' is defined but never used  no-unused-vars
   15:10  warning  'calex2' is defined but never used     no-unused-vars
   64:10  warning  'chkex21' is defined but never used    no-unused-vars
   80:10  warning  'chkex22' is defined but never used    no-unused-vars
  100:10  warning  'chkex23' is defined but never used    no-unused-vars
  127:10  warning  'drawbtex2' is defined but never used  no-unused-vars

/home/runner/work/exp-estimation-of-test-coverage-metrics-structural-complexity-iitkgp/exp-estimation-of-test-coverage-metrics-structural-complexity-iitkgp/experiment/simulation/js/exercise3.js
   8:10  warning  'addbtnt31' is defined but never used  no-unused-vars
  15:12  warning  'calex3' is defined but never used     no-unused-vars
  73:10  warning  'drawbtex3' is defined but never used  no-unused-vars

/home/runner/work/exp-estimation-of-test-coverage-metrics-structural-complexity-iitkgp/exp-estimation-of-test-coverage-metrics-structural-complexity-iitkgp/experiment/simulation/js/main.js
    9:10  warning  'subex' is defined but never used          no-unused-vars
  100:10  warning  'viewsolutionb' is defined but never used  no-unused-vars

/home/runner/work/exp-estimation-of-test-coverage-metrics-structural-complexity-iitkgp/exp-estimation-of-test-coverage-metrics-structural-complexity-iitkgp/experiment/simulation/js/simulation.js
  945:12  error  Parsing error: Identifier 'replaybtn' has already been declared

✖ 15 problems (1 error, 14 warnings)

